<?xml version="1.0" encoding="UTF-8"?>
<!-- Generated by org.testng.reporters.JUnitReportReporter -->
<testsuite skipped="0" hostname="LAPTOP-4P252GTC" name="tests.DiscoverDashboardTest" tests="1" failures="0" timestamp="2021-03-25T00:48:26 EET" time="23.297" errors="0">
  <testcase name="Search" time="23.297" classname="tests.DiscoverDashboardTest"/>
  <system-out/>
</testsuite> <!-- tests.DiscoverDashboardTest -->
